<?xml version="1.0" encoding="UTF-8"?>
<testsuite name="com.az.UserControllerSpec" tests="7" skipped="0" failures="0" errors="0" timestamp="2016-02-17T13:43:35" hostname="azbpmlap3" time="20.856">
  <properties/>
  <testcase name="Test the index action returns the correct model" classname="com.az.UserControllerSpec" time="18.661"/>
  <testcase name="Test the create action returns the correct model" classname="com.az.UserControllerSpec" time="0.47"/>
  <testcase name="Test the save action correctly persists an instance" classname="com.az.UserControllerSpec" time="1.258"/>
  <testcase name="Test that the show action returns the correct model" classname="com.az.UserControllerSpec" time="0.067"/>
  <testcase name="Test that the edit action returns the correct model" classname="com.az.UserControllerSpec" time="0.054"/>
  <testcase name="Test the update action performs an update on a valid domain instance" classname="com.az.UserControllerSpec" time="0.211"/>
  <testcase name="Test that the delete action deletes an instance if it exists" classname="com.az.UserControllerSpec" time="0.132"/>
  <system-out><![CDATA[]]></system-out>
  <system-err><![CDATA[]]></system-err>
</testsuite>
